{
  "stats": {
    "suites": 1,
    "tests": 3,
    "passes": 3,
    "pending": 0,
    "failures": 0,
    "start": "2020-11-02T14:25:03.197Z",
    "end": "2020-11-02T14:25:15.285Z",
    "duration": 12088,
    "testsRegistered": 3,
    "passPercent": 100,
    "pendingPercent": 0,
    "other": 0,
    "hasOther": false,
    "skipped": 0,
    "hasSkipped": false
  },
  "results": [
    {
      "uuid": "f28176a9-a642-4c0f-82f9-5f1e726a068e",
      "title": "",
      "fullFile": "",
      "file": "",
      "beforeHooks": [],
      "afterHooks": [],
      "tests": [],
      "suites": [
        {
          "uuid": "2d837597-35b6-4893-b999-a90688c7b36d",
          "title": "Create Android session",
          "fullFile": "D:\\PycharmProjects\\laoNanHaipythonProject1\\front\\myappiumjswebdriverio\\test\\basic\\android-create-session.test.js",
          "file": "\\test\\basic\\android-create-session.test.js",
          "beforeHooks": [
            {
              "title": "\"before all\" hook in \"Create Android session\"",
              "fullTitle": "Create Android session \"before all\" hook in \"Create Android session\"",
              "timedOut": false,
              "duration": 7253,
              "state": null,
              "speed": null,
              "pass": false,
              "fail": false,
              "pending": false,
              "context": null,
              "code": "client = await webdriverio.remote(androidOptions);",
              "err": {},
              "uuid": "521c916e-7c87-4109-84c4-389b9c4e7ff0",
              "parentUUID": "2d837597-35b6-4893-b999-a90688c7b36d",
              "isHook": true,
              "skipped": false
            }
          ],
          "afterHooks": [],
          "tests": [
            {
              "title": "should create and destroy a session",
              "fullTitle": "Create Android session should create and destroy a session",
              "timedOut": false,
              "duration": 599,
              "state": "passed",
              "speed": "slow",
              "pass": true,
              "fail": false,
              "pending": false,
              "context": null,
              "code": "const res = await client.status();\nassert.isObject(res.build);\nconst current_package = await client.getCurrentPackage();\nassert.equal(current_package, 'io.appium.android.apis');\nconst delete_session = await client.deleteSession();\nassert.isNull(delete_session);",
              "err": {},
              "uuid": "b8a3945d-22e4-4083-8f5a-263e49ee40a9",
              "parentUUID": "2d837597-35b6-4893-b999-a90688c7b36d",
              "isHook": false,
              "skipped": false
            },
            {
              "title": "测试应该5000毫秒后结束",
              "fullTitle": "Create Android session 测试应该5000毫秒后结束",
              "timedOut": false,
              "duration": 4000,
              "state": "passed",
              "speed": "slow",
              "pass": true,
              "fail": false,
              "pending": false,
              "context": null,
              "code": "var x = true;\nvar f = function() {\n    x = false;\n    assert.equal(x,false,'我是message');\n    done(); // 通知Mocha测试结束\n};\nsetTimeout(f, 4000);",
              "err": {},
              "uuid": "e8633858-4a21-403e-a0d4-a47513953308",
              "parentUUID": "2d837597-35b6-4893-b999-a90688c7b36d",
              "isHook": false,
              "skipped": false
            },
            {
              "title": "异步请求应该返回一个对象",
              "fullTitle": "Create Android session 异步请求应该返回一个对象",
              "timedOut": false,
              "duration": 227,
              "state": "passed",
              "speed": "slow",
              "pass": true,
              "fail": false,
              "pending": false,
              "context": null,
              "code": "let response = await fetch('https://www.baidu.com/');\nlet html = await response.text();\nconsole.log(html)",
              "err": {},
              "uuid": "38db27d1-b9db-476d-ba43-cb516513779f",
              "parentUUID": "2d837597-35b6-4893-b999-a90688c7b36d",
              "isHook": false,
              "skipped": false
            }
          ],
          "suites": [],
          "passes": [
            "b8a3945d-22e4-4083-8f5a-263e49ee40a9",
            "e8633858-4a21-403e-a0d4-a47513953308",
            "38db27d1-b9db-476d-ba43-cb516513779f"
          ],
          "failures": [],
          "pending": [],
          "skipped": [],
          "duration": 4826,
          "root": false,
          "rootEmpty": false,
          "_timeout": 1800000
        }
      ],
      "passes": [],
      "failures": [],
      "pending": [],
      "skipped": [],
      "duration": 0,
      "root": true,
      "rootEmpty": true,
      "_timeout": 1800000
    }
  ],
  "meta": {
    "mocha": {
      "version": "8.2.0"
    },
    "mochawesome": {
      "options": {
        "quiet": false,
        "reportFilename": "mochawesome",
        "saveHtml": true,
        "saveJson": true,
        "consoleReporter": "spec",
        "useInlineDiffs": false,
        "code": true
      },
      "version": "6.2.0"
    },
    "marge": {
      "options": null,
      "version": "5.1.0"
    }
  }
}